<?xml version="1.0" encoding="UTF-8"?>
<testsuite xmlns:xsi="http://www.w3.org/2001/XMLSchema-instance" xsi:noNamespaceSchemaLocation="https://maven.apache.org/surefire/maven-surefire-plugin/xsd/surefire-test-report.xsd" name="com.thd.DeleteTest" time="1.899" tests="1" errors="0" skipped="0" failures="0">
  <properties>
    <property name="sun.desktop" value="windows"/>
    <property name="awt.toolkit" value="sun.awt.windows.WToolkit"/>
    <property name="file.encoding.pkg" value="sun.io"/>
    <property name="java.specification.version" value="1.8"/>
    <property name="sun.cpu.isalist" value="amd64"/>
    <property name="sun.jnu.encoding" value="GBK"/>
    <property name="java.class.path" value="E:\gitWebWay\first-mybatis-plus\target\test-classes;E:\gitWebWay\first-mybatis-plus\target\classes;C:\mavenRepos\org\springframework\boot\spring-boot-starter\2.1.7.RELEASE\spring-boot-starter-2.1.7.RELEASE.jar;C:\mavenRepos\org\springframework\boot\spring-boot\2.1.7.RELEASE\spring-boot-2.1.7.RELEASE.jar;C:\mavenRepos\org\springframework\spring-context\5.1.9.RELEASE\spring-context-5.1.9.RELEASE.jar;C:\mavenRepos\org\springframework\spring-aop\5.1.9.RELEASE\spring-aop-5.1.9.RELEASE.jar;C:\mavenRepos\org\springframework\spring-beans\5.1.9.RELEASE\spring-beans-5.1.9.RELEASE.jar;C:\mavenRepos\org\springframework\spring-expression\5.1.9.RELEASE\spring-expression-5.1.9.RELEASE.jar;C:\mavenRepos\org\springframework\boot\spring-boot-autoconfigure\2.1.7.RELEASE\spring-boot-autoconfigure-2.1.7.RELEASE.jar;C:\mavenRepos\org\springframework\boot\spring-boot-starter-logging\2.1.7.RELEASE\spring-boot-starter-logging-2.1.7.RELEASE.jar;C:\mavenRepos\ch\qos\logback\logback-classic\1.2.3\logback-classic-1.2.3.jar;C:\mavenRepos\ch\qos\logback\logback-core\1.2.3\logback-core-1.2.3.jar;C:\mavenRepos\org\slf4j\slf4j-api\1.7.26\slf4j-api-1.7.26.jar;C:\mavenRepos\org\apache\logging\log4j\log4j-to-slf4j\2.11.2\log4j-to-slf4j-2.11.2.jar;C:\mavenRepos\org\apache\logging\log4j\log4j-api\2.11.2\log4j-api-2.11.2.jar;C:\mavenRepos\org\slf4j\jul-to-slf4j\1.7.26\jul-to-slf4j-1.7.26.jar;C:\mavenRepos\javax\annotation\javax.annotation-api\1.3.2\javax.annotation-api-1.3.2.jar;C:\mavenRepos\org\springframework\spring-core\5.1.9.RELEASE\spring-core-5.1.9.RELEASE.jar;C:\mavenRepos\org\springframework\spring-jcl\5.1.9.RELEASE\spring-jcl-5.1.9.RELEASE.jar;C:\mavenRepos\org\yaml\snakeyaml\1.23\snakeyaml-1.23.jar;C:\mavenRepos\org\springframework\boot\spring-boot-test\2.1.7.RELEASE\spring-boot-test-2.1.7.RELEASE.jar;C:\mavenRepos\org\projectlombok\lombok\1.18.8\lombok-1.18.8.jar;C:\mavenRepos\com\baomidou\mybatis-plus-boot-starter\3.1.2\mybatis-plus-boot-starter-3.1.2.jar;C:\mavenRepos\com\baomidou\mybatis-plus\3.1.2\mybatis-plus-3.1.2.jar;C:\mavenRepos\com\baomidou\mybatis-plus-extension\3.1.2\mybatis-plus-extension-3.1.2.jar;C:\mavenRepos\com\baomidou\mybatis-plus-core\3.1.2\mybatis-plus-core-3.1.2.jar;C:\mavenRepos\com\baomidou\mybatis-plus-annotation\3.1.2\mybatis-plus-annotation-3.1.2.jar;C:\mavenRepos\com\github\jsqlparser\jsqlparser\1.2\jsqlparser-1.2.jar;C:\mavenRepos\org\mybatis\mybatis\3.5.1\mybatis-3.5.1.jar;C:\mavenRepos\org\mybatis\mybatis-spring\2.0.1\mybatis-spring-2.0.1.jar;C:\mavenRepos\org\springframework\boot\spring-boot-starter-jdbc\2.1.7.RELEASE\spring-boot-starter-jdbc-2.1.7.RELEASE.jar;C:\mavenRepos\com\zaxxer\HikariCP\3.2.0\HikariCP-3.2.0.jar;C:\mavenRepos\org\springframework\spring-jdbc\5.1.9.RELEASE\spring-jdbc-5.1.9.RELEASE.jar;C:\mavenRepos\org\springframework\spring-tx\5.1.9.RELEASE\spring-tx-5.1.9.RELEASE.jar;C:\mavenRepos\mysql\mysql-connector-java\8.0.17\mysql-connector-java-8.0.17.jar;C:\mavenRepos\junit\junit\4.12\junit-4.12.jar;C:\mavenRepos\org\hamcrest\hamcrest-core\1.3\hamcrest-core-1.3.jar;C:\mavenRepos\org\springframework\spring-test\5.1.9.RELEASE\spring-test-5.1.9.RELEASE.jar;"/>
    <property name="java.vm.vendor" value="Oracle Corporation"/>
    <property name="sun.arch.data.model" value="64"/>
    <property name="user.variant" value=""/>
    <property name="java.vendor.url" value="http://java.oracle.com/"/>
    <property name="user.timezone" value="Asia/Shanghai"/>
    <property name="java.vm.specification.version" value="1.8"/>
    <property name="os.name" value="Windows 10"/>
    <property name="user.country" value="CN"/>
    <property name="sun.java.launcher" value="SUN_STANDARD"/>
    <property name="sun.boot.library.path" value="C:\Develop\jdk1.8.0_131\jre\bin"/>
    <property name="sun.java.command" value="C:\Users\Allen\AppData\Local\Temp\surefire2432020887347593355\surefirebooter6450159374602636500.jar C:\Users\Allen\AppData\Local\Temp\surefire2432020887347593355 2019-12-12T19-34-11_182-jvmRun1 surefire41816828570220385tmp surefire_03224517490495557994tmp"/>
    <property name="surefire.test.class.path" value="E:\gitWebWay\first-mybatis-plus\target\test-classes;E:\gitWebWay\first-mybatis-plus\target\classes;C:\mavenRepos\org\springframework\boot\spring-boot-starter\2.1.7.RELEASE\spring-boot-starter-2.1.7.RELEASE.jar;C:\mavenRepos\org\springframework\boot\spring-boot\2.1.7.RELEASE\spring-boot-2.1.7.RELEASE.jar;C:\mavenRepos\org\springframework\spring-context\5.1.9.RELEASE\spring-context-5.1.9.RELEASE.jar;C:\mavenRepos\org\springframework\spring-aop\5.1.9.RELEASE\spring-aop-5.1.9.RELEASE.jar;C:\mavenRepos\org\springframework\spring-beans\5.1.9.RELEASE\spring-beans-5.1.9.RELEASE.jar;C:\mavenRepos\org\springframework\spring-expression\5.1.9.RELEASE\spring-expression-5.1.9.RELEASE.jar;C:\mavenRepos\org\springframework\boot\spring-boot-autoconfigure\2.1.7.RELEASE\spring-boot-autoconfigure-2.1.7.RELEASE.jar;C:\mavenRepos\org\springframework\boot\spring-boot-starter-logging\2.1.7.RELEASE\spring-boot-starter-logging-2.1.7.RELEASE.jar;C:\mavenRepos\ch\qos\logback\logback-classic\1.2.3\logback-classic-1.2.3.jar;C:\mavenRepos\ch\qos\logback\logback-core\1.2.3\logback-core-1.2.3.jar;C:\mavenRepos\org\slf4j\slf4j-api\1.7.26\slf4j-api-1.7.26.jar;C:\mavenRepos\org\apache\logging\log4j\log4j-to-slf4j\2.11.2\log4j-to-slf4j-2.11.2.jar;C:\mavenRepos\org\apache\logging\log4j\log4j-api\2.11.2\log4j-api-2.11.2.jar;C:\mavenRepos\org\slf4j\jul-to-slf4j\1.7.26\jul-to-slf4j-1.7.26.jar;C:\mavenRepos\javax\annotation\javax.annotation-api\1.3.2\javax.annotation-api-1.3.2.jar;C:\mavenRepos\org\springframework\spring-core\5.1.9.RELEASE\spring-core-5.1.9.RELEASE.jar;C:\mavenRepos\org\springframework\spring-jcl\5.1.9.RELEASE\spring-jcl-5.1.9.RELEASE.jar;C:\mavenRepos\org\yaml\snakeyaml\1.23\snakeyaml-1.23.jar;C:\mavenRepos\org\springframework\boot\spring-boot-test\2.1.7.RELEASE\spring-boot-test-2.1.7.RELEASE.jar;C:\mavenRepos\org\projectlombok\lombok\1.18.8\lombok-1.18.8.jar;C:\mavenRepos\com\baomidou\mybatis-plus-boot-starter\3.1.2\mybatis-plus-boot-starter-3.1.2.jar;C:\mavenRepos\com\baomidou\mybatis-plus\3.1.2\mybatis-plus-3.1.2.jar;C:\mavenRepos\com\baomidou\mybatis-plus-extension\3.1.2\mybatis-plus-extension-3.1.2.jar;C:\mavenRepos\com\baomidou\mybatis-plus-core\3.1.2\mybatis-plus-core-3.1.2.jar;C:\mavenRepos\com\baomidou\mybatis-plus-annotation\3.1.2\mybatis-plus-annotation-3.1.2.jar;C:\mavenRepos\com\github\jsqlparser\jsqlparser\1.2\jsqlparser-1.2.jar;C:\mavenRepos\org\mybatis\mybatis\3.5.1\mybatis-3.5.1.jar;C:\mavenRepos\org\mybatis\mybatis-spring\2.0.1\mybatis-spring-2.0.1.jar;C:\mavenRepos\org\springframework\boot\spring-boot-starter-jdbc\2.1.7.RELEASE\spring-boot-starter-jdbc-2.1.7.RELEASE.jar;C:\mavenRepos\com\zaxxer\HikariCP\3.2.0\HikariCP-3.2.0.jar;C:\mavenRepos\org\springframework\spring-jdbc\5.1.9.RELEASE\spring-jdbc-5.1.9.RELEASE.jar;C:\mavenRepos\org\springframework\spring-tx\5.1.9.RELEASE\spring-tx-5.1.9.RELEASE.jar;C:\mavenRepos\mysql\mysql-connector-java\8.0.17\mysql-connector-java-8.0.17.jar;C:\mavenRepos\junit\junit\4.12\junit-4.12.jar;C:\mavenRepos\org\hamcrest\hamcrest-core\1.3\hamcrest-core-1.3.jar;C:\mavenRepos\org\springframework\spring-test\5.1.9.RELEASE\spring-test-5.1.9.RELEASE.jar;"/>
    <property name="sun.cpu.endian" value="little"/>
    <property name="user.home" value="C:\Users\Allen"/>
    <property name="user.language" value="zh"/>
    <property name="java.specification.vendor" value="Oracle Corporation"/>
    <property name="java.home" value="C:\Develop\jdk1.8.0_131\jre"/>
    <property name="basedir" value="E:\gitWebWay\first-mybatis-plus"/>
    <property name="file.separator" value="\"/>
    <property name="line.separator" value="&#10;"/>
    <property name="java.vm.specification.vendor" value="Oracle Corporation"/>
    <property name="java.specification.name" value="Java Platform API Specification"/>
    <property name="java.awt.graphicsenv" value="sun.awt.Win32GraphicsEnvironment"/>
    <property name="surefire.real.class.path" value="C:\Users\Allen\AppData\Local\Temp\surefire2432020887347593355\surefirebooter6450159374602636500.jar"/>
    <property name="sun.boot.class.path" value="C:\Develop\jdk1.8.0_131\jre\lib\resources.jar;C:\Develop\jdk1.8.0_131\jre\lib\rt.jar;C:\Develop\jdk1.8.0_131\jre\lib\sunrsasign.jar;C:\Develop\jdk1.8.0_131\jre\lib\jsse.jar;C:\Develop\jdk1.8.0_131\jre\lib\jce.jar;C:\Develop\jdk1.8.0_131\jre\lib\charsets.jar;C:\Develop\jdk1.8.0_131\jre\lib\jfr.jar;C:\Develop\jdk1.8.0_131\jre\classes"/>
    <property name="user.script" value=""/>
    <property name="sun.management.compiler" value="HotSpot 64-Bit Tiered Compilers"/>
    <property name="java.runtime.version" value="1.8.0_131-b11"/>
    <property name="user.name" value="Allen"/>
    <property name="path.separator" value=";"/>
    <property name="os.version" value="10.0"/>
    <property name="java.endorsed.dirs" value="C:\Develop\jdk1.8.0_131\jre\lib\endorsed"/>
    <property name="java.runtime.name" value="Java(TM) SE Runtime Environment"/>
    <property name="file.encoding" value="GBK"/>
    <property name="java.vm.name" value="Java HotSpot(TM) 64-Bit Server VM"/>
    <property name="localRepository" value="C:\mavenRepos"/>
    <property name="java.vendor.url.bug" value="http://bugreport.sun.com/bugreport/"/>
    <property name="java.io.tmpdir" value="C:\Users\Allen\AppData\Local\Temp\"/>
    <property name="java.version" value="1.8.0_131"/>
    <property name="user.dir" value="E:\gitWebWay\first-mybatis-plus"/>
    <property name="os.arch" value="amd64"/>
    <property name="java.vm.specification.name" value="Java Virtual Machine Specification"/>
    <property name="java.awt.printerjob" value="sun.awt.windows.WPrinterJob"/>
    <property name="sun.os.patch.level" value=""/>
    <property name="idea.version2019.1" value="true"/>
    <property name="java.library.path" value="C:\Develop\jdk1.8.0_131\jre\bin;C:\Windows\Sun\Java\bin;C:\Windows\system32;C:\Windows;C:\Program Files (x86)\NVIDIA Corporation\PhysX\Common;C:\Program Files (x86)\Common Files\NetSarang;C:\Python27\;C:\Python27\Scripts;C:\Program Files (x86)\Intel\Intel(R) Management Engine Components\iCLS\;C:\Program Files\Intel\Intel(R) Management Engine Components\iCLS\;C:\Windows\system32;C:\Windows;C:\Windows\System32\Wbem;C:\Windows\System32\WindowsPowerShell\v1.0\;C:\Windows\System32\OpenSSH\;C:\Program Files (x86)\Intel\Intel(R) Management Engine Components\DAL;C:\Program Files\Intel\Intel(R) Management Engine Components\DAL;%JAVA_HOME%\bin;C:\ProgramData\chocolatey\bin;D:\Program Files\nodejs\;D:\Program Files\nodejs\node_global;C:\Program Files\Microsoft SQL Server\Client SDK\ODBC\110\Tools\Binn\;C:\Program Files (x86)\Microsoft SQL Server\120\Tools\Binn\;C:\Program Files\Microsoft SQL Server\120\Tools\Binn\;C:\Program Files\Microsoft SQL Server\120\DTS\Binn\;C:\Program Files (x86)\Windows Kits\8.1\Windows Performance Toolkit\;C:\Git\cmd;C:\Users\Allen\AppData\Local\Microsoft\WindowsApps;C:\Develop\jdk1.8.0_131\bin;C:\apache-tomcat-8.5.42\bin;C:\eclipse-jee-2018-12-R-win32-x86_64\eclipse;C:\mySql\navicat+for+mysql10.0.11简体中文破解版\Navicat for MySQL;C:\\WeChat;C:\JetBrains\IntelliJ IDEA 2019.2.3\bin;;D:\hadoop-2.7.4\bin;C:\Users\Allen\AppData\Roaming\npm;."/>
    <property name="java.vm.info" value="mixed mode"/>
    <property name="java.vendor" value="Oracle Corporation"/>
    <property name="java.vm.version" value="25.131-b11"/>
    <property name="java.ext.dirs" value="C:\Develop\jdk1.8.0_131\jre\lib\ext;C:\Windows\Sun\Java\lib\ext"/>
    <property name="sun.io.unicode.encoding" value="UnicodeLittle"/>
    <property name="maven.repo.local" value="C:\mavenRepos"/>
    <property name="java.class.version" value="52.0"/>
  </properties>
  <testcase name="delete" classname="com.thd.DeleteTest" time="0.004"/>
</testsuite>