<?xml version="1.0" encoding="UTF-8"?>
<testsuite xmlns:xsi="http://www.w3.org/2001/XMLSchema-instance" xsi:noNamespaceSchemaLocation="https://maven.apache.org/surefire/maven-surefire-plugin/xsd/surefire-test-report.xsd" name="com.thd.SelectTest" time="0.178" tests="14" errors="2" skipped="0" failures="1">
  <properties>
    <property name="sun.desktop" value="windows"/>
    <property name="awt.toolkit" value="sun.awt.windows.WToolkit"/>
    <property name="file.encoding.pkg" value="sun.io"/>
    <property name="java.specification.version" value="1.8"/>
    <property name="sun.cpu.isalist" value="amd64"/>
    <property name="sun.jnu.encoding" value="GBK"/>
    <property name="java.class.path" value="E:\gitWebWay\first-mybatis-plus\target\test-classes;E:\gitWebWay\first-mybatis-plus\target\classes;C:\mavenRepos\org\springframework\boot\spring-boot-starter\2.1.7.RELEASE\spring-boot-starter-2.1.7.RELEASE.jar;C:\mavenRepos\org\springframework\boot\spring-boot\2.1.7.RELEASE\spring-boot-2.1.7.RELEASE.jar;C:\mavenRepos\org\springframework\spring-context\5.1.9.RELEASE\spring-context-5.1.9.RELEASE.jar;C:\mavenRepos\org\springframework\spring-aop\5.1.9.RELEASE\spring-aop-5.1.9.RELEASE.jar;C:\mavenRepos\org\springframework\spring-beans\5.1.9.RELEASE\spring-beans-5.1.9.RELEASE.jar;C:\mavenRepos\org\springframework\spring-expression\5.1.9.RELEASE\spring-expression-5.1.9.RELEASE.jar;C:\mavenRepos\org\springframework\boot\spring-boot-autoconfigure\2.1.7.RELEASE\spring-boot-autoconfigure-2.1.7.RELEASE.jar;C:\mavenRepos\org\springframework\boot\spring-boot-starter-logging\2.1.7.RELEASE\spring-boot-starter-logging-2.1.7.RELEASE.jar;C:\mavenRepos\ch\qos\logback\logback-classic\1.2.3\logback-classic-1.2.3.jar;C:\mavenRepos\ch\qos\logback\logback-core\1.2.3\logback-core-1.2.3.jar;C:\mavenRepos\org\slf4j\slf4j-api\1.7.26\slf4j-api-1.7.26.jar;C:\mavenRepos\org\apache\logging\log4j\log4j-to-slf4j\2.11.2\log4j-to-slf4j-2.11.2.jar;C:\mavenRepos\org\apache\logging\log4j\log4j-api\2.11.2\log4j-api-2.11.2.jar;C:\mavenRepos\org\slf4j\jul-to-slf4j\1.7.26\jul-to-slf4j-1.7.26.jar;C:\mavenRepos\javax\annotation\javax.annotation-api\1.3.2\javax.annotation-api-1.3.2.jar;C:\mavenRepos\org\springframework\spring-core\5.1.9.RELEASE\spring-core-5.1.9.RELEASE.jar;C:\mavenRepos\org\springframework\spring-jcl\5.1.9.RELEASE\spring-jcl-5.1.9.RELEASE.jar;C:\mavenRepos\org\yaml\snakeyaml\1.23\snakeyaml-1.23.jar;C:\mavenRepos\org\springframework\boot\spring-boot-test\2.1.7.RELEASE\spring-boot-test-2.1.7.RELEASE.jar;C:\mavenRepos\org\projectlombok\lombok\1.18.8\lombok-1.18.8.jar;C:\mavenRepos\com\baomidou\mybatis-plus-boot-starter\3.1.2\mybatis-plus-boot-starter-3.1.2.jar;C:\mavenRepos\com\baomidou\mybatis-plus\3.1.2\mybatis-plus-3.1.2.jar;C:\mavenRepos\com\baomidou\mybatis-plus-extension\3.1.2\mybatis-plus-extension-3.1.2.jar;C:\mavenRepos\com\baomidou\mybatis-plus-core\3.1.2\mybatis-plus-core-3.1.2.jar;C:\mavenRepos\com\baomidou\mybatis-plus-annotation\3.1.2\mybatis-plus-annotation-3.1.2.jar;C:\mavenRepos\com\github\jsqlparser\jsqlparser\1.2\jsqlparser-1.2.jar;C:\mavenRepos\org\mybatis\mybatis\3.5.1\mybatis-3.5.1.jar;C:\mavenRepos\org\mybatis\mybatis-spring\2.0.1\mybatis-spring-2.0.1.jar;C:\mavenRepos\org\springframework\boot\spring-boot-starter-jdbc\2.1.7.RELEASE\spring-boot-starter-jdbc-2.1.7.RELEASE.jar;C:\mavenRepos\com\zaxxer\HikariCP\3.2.0\HikariCP-3.2.0.jar;C:\mavenRepos\org\springframework\spring-jdbc\5.1.9.RELEASE\spring-jdbc-5.1.9.RELEASE.jar;C:\mavenRepos\org\springframework\spring-tx\5.1.9.RELEASE\spring-tx-5.1.9.RELEASE.jar;C:\mavenRepos\mysql\mysql-connector-java\8.0.17\mysql-connector-java-8.0.17.jar;C:\mavenRepos\junit\junit\4.12\junit-4.12.jar;C:\mavenRepos\org\hamcrest\hamcrest-core\1.3\hamcrest-core-1.3.jar;C:\mavenRepos\org\springframework\spring-test\5.1.9.RELEASE\spring-test-5.1.9.RELEASE.jar;"/>
    <property name="java.vm.vendor" value="Oracle Corporation"/>
    <property name="sun.arch.data.model" value="64"/>
    <property name="user.variant" value=""/>
    <property name="java.vendor.url" value="http://java.oracle.com/"/>
    <property name="user.timezone" value="Asia/Shanghai"/>
    <property name="java.vm.specification.version" value="1.8"/>
    <property name="os.name" value="Windows 10"/>
    <property name="user.country" value="CN"/>
    <property name="sun.java.launcher" value="SUN_STANDARD"/>
    <property name="sun.boot.library.path" value="C:\Develop\jdk1.8.0_131\jre\bin"/>
    <property name="sun.java.command" value="C:\Users\Allen\AppData\Local\Temp\surefire2432020887347593355\surefirebooter6450159374602636500.jar C:\Users\Allen\AppData\Local\Temp\surefire2432020887347593355 2019-12-12T19-34-11_182-jvmRun1 surefire41816828570220385tmp surefire_03224517490495557994tmp"/>
    <property name="surefire.test.class.path" value="E:\gitWebWay\first-mybatis-plus\target\test-classes;E:\gitWebWay\first-mybatis-plus\target\classes;C:\mavenRepos\org\springframework\boot\spring-boot-starter\2.1.7.RELEASE\spring-boot-starter-2.1.7.RELEASE.jar;C:\mavenRepos\org\springframework\boot\spring-boot\2.1.7.RELEASE\spring-boot-2.1.7.RELEASE.jar;C:\mavenRepos\org\springframework\spring-context\5.1.9.RELEASE\spring-context-5.1.9.RELEASE.jar;C:\mavenRepos\org\springframework\spring-aop\5.1.9.RELEASE\spring-aop-5.1.9.RELEASE.jar;C:\mavenRepos\org\springframework\spring-beans\5.1.9.RELEASE\spring-beans-5.1.9.RELEASE.jar;C:\mavenRepos\org\springframework\spring-expression\5.1.9.RELEASE\spring-expression-5.1.9.RELEASE.jar;C:\mavenRepos\org\springframework\boot\spring-boot-autoconfigure\2.1.7.RELEASE\spring-boot-autoconfigure-2.1.7.RELEASE.jar;C:\mavenRepos\org\springframework\boot\spring-boot-starter-logging\2.1.7.RELEASE\spring-boot-starter-logging-2.1.7.RELEASE.jar;C:\mavenRepos\ch\qos\logback\logback-classic\1.2.3\logback-classic-1.2.3.jar;C:\mavenRepos\ch\qos\logback\logback-core\1.2.3\logback-core-1.2.3.jar;C:\mavenRepos\org\slf4j\slf4j-api\1.7.26\slf4j-api-1.7.26.jar;C:\mavenRepos\org\apache\logging\log4j\log4j-to-slf4j\2.11.2\log4j-to-slf4j-2.11.2.jar;C:\mavenRepos\org\apache\logging\log4j\log4j-api\2.11.2\log4j-api-2.11.2.jar;C:\mavenRepos\org\slf4j\jul-to-slf4j\1.7.26\jul-to-slf4j-1.7.26.jar;C:\mavenRepos\javax\annotation\javax.annotation-api\1.3.2\javax.annotation-api-1.3.2.jar;C:\mavenRepos\org\springframework\spring-core\5.1.9.RELEASE\spring-core-5.1.9.RELEASE.jar;C:\mavenRepos\org\springframework\spring-jcl\5.1.9.RELEASE\spring-jcl-5.1.9.RELEASE.jar;C:\mavenRepos\org\yaml\snakeyaml\1.23\snakeyaml-1.23.jar;C:\mavenRepos\org\springframework\boot\spring-boot-test\2.1.7.RELEASE\spring-boot-test-2.1.7.RELEASE.jar;C:\mavenRepos\org\projectlombok\lombok\1.18.8\lombok-1.18.8.jar;C:\mavenRepos\com\baomidou\mybatis-plus-boot-starter\3.1.2\mybatis-plus-boot-starter-3.1.2.jar;C:\mavenRepos\com\baomidou\mybatis-plus\3.1.2\mybatis-plus-3.1.2.jar;C:\mavenRepos\com\baomidou\mybatis-plus-extension\3.1.2\mybatis-plus-extension-3.1.2.jar;C:\mavenRepos\com\baomidou\mybatis-plus-core\3.1.2\mybatis-plus-core-3.1.2.jar;C:\mavenRepos\com\baomidou\mybatis-plus-annotation\3.1.2\mybatis-plus-annotation-3.1.2.jar;C:\mavenRepos\com\github\jsqlparser\jsqlparser\1.2\jsqlparser-1.2.jar;C:\mavenRepos\org\mybatis\mybatis\3.5.1\mybatis-3.5.1.jar;C:\mavenRepos\org\mybatis\mybatis-spring\2.0.1\mybatis-spring-2.0.1.jar;C:\mavenRepos\org\springframework\boot\spring-boot-starter-jdbc\2.1.7.RELEASE\spring-boot-starter-jdbc-2.1.7.RELEASE.jar;C:\mavenRepos\com\zaxxer\HikariCP\3.2.0\HikariCP-3.2.0.jar;C:\mavenRepos\org\springframework\spring-jdbc\5.1.9.RELEASE\spring-jdbc-5.1.9.RELEASE.jar;C:\mavenRepos\org\springframework\spring-tx\5.1.9.RELEASE\spring-tx-5.1.9.RELEASE.jar;C:\mavenRepos\mysql\mysql-connector-java\8.0.17\mysql-connector-java-8.0.17.jar;C:\mavenRepos\junit\junit\4.12\junit-4.12.jar;C:\mavenRepos\org\hamcrest\hamcrest-core\1.3\hamcrest-core-1.3.jar;C:\mavenRepos\org\springframework\spring-test\5.1.9.RELEASE\spring-test-5.1.9.RELEASE.jar;"/>
    <property name="sun.cpu.endian" value="little"/>
    <property name="user.home" value="C:\Users\Allen"/>
    <property name="user.language" value="zh"/>
    <property name="java.specification.vendor" value="Oracle Corporation"/>
    <property name="java.home" value="C:\Develop\jdk1.8.0_131\jre"/>
    <property name="basedir" value="E:\gitWebWay\first-mybatis-plus"/>
    <property name="file.separator" value="\"/>
    <property name="line.separator" value="&#10;"/>
    <property name="java.vm.specification.vendor" value="Oracle Corporation"/>
    <property name="java.specification.name" value="Java Platform API Specification"/>
    <property name="java.awt.graphicsenv" value="sun.awt.Win32GraphicsEnvironment"/>
    <property name="surefire.real.class.path" value="C:\Users\Allen\AppData\Local\Temp\surefire2432020887347593355\surefirebooter6450159374602636500.jar"/>
    <property name="sun.boot.class.path" value="C:\Develop\jdk1.8.0_131\jre\lib\resources.jar;C:\Develop\jdk1.8.0_131\jre\lib\rt.jar;C:\Develop\jdk1.8.0_131\jre\lib\sunrsasign.jar;C:\Develop\jdk1.8.0_131\jre\lib\jsse.jar;C:\Develop\jdk1.8.0_131\jre\lib\jce.jar;C:\Develop\jdk1.8.0_131\jre\lib\charsets.jar;C:\Develop\jdk1.8.0_131\jre\lib\jfr.jar;C:\Develop\jdk1.8.0_131\jre\classes"/>
    <property name="user.script" value=""/>
    <property name="sun.management.compiler" value="HotSpot 64-Bit Tiered Compilers"/>
    <property name="java.runtime.version" value="1.8.0_131-b11"/>
    <property name="user.name" value="Allen"/>
    <property name="path.separator" value=";"/>
    <property name="os.version" value="10.0"/>
    <property name="java.endorsed.dirs" value="C:\Develop\jdk1.8.0_131\jre\lib\endorsed"/>
    <property name="java.runtime.name" value="Java(TM) SE Runtime Environment"/>
    <property name="file.encoding" value="GBK"/>
    <property name="java.vm.name" value="Java HotSpot(TM) 64-Bit Server VM"/>
    <property name="localRepository" value="C:\mavenRepos"/>
    <property name="java.vendor.url.bug" value="http://bugreport.sun.com/bugreport/"/>
    <property name="java.io.tmpdir" value="C:\Users\Allen\AppData\Local\Temp\"/>
    <property name="java.version" value="1.8.0_131"/>
    <property name="user.dir" value="E:\gitWebWay\first-mybatis-plus"/>
    <property name="os.arch" value="amd64"/>
    <property name="java.vm.specification.name" value="Java Virtual Machine Specification"/>
    <property name="java.awt.printerjob" value="sun.awt.windows.WPrinterJob"/>
    <property name="sun.os.patch.level" value=""/>
    <property name="idea.version2019.1" value="true"/>
    <property name="java.library.path" value="C:\Develop\jdk1.8.0_131\jre\bin;C:\Windows\Sun\Java\bin;C:\Windows\system32;C:\Windows;C:\Program Files (x86)\NVIDIA Corporation\PhysX\Common;C:\Program Files (x86)\Common Files\NetSarang;C:\Python27\;C:\Python27\Scripts;C:\Program Files (x86)\Intel\Intel(R) Management Engine Components\iCLS\;C:\Program Files\Intel\Intel(R) Management Engine Components\iCLS\;C:\Windows\system32;C:\Windows;C:\Windows\System32\Wbem;C:\Windows\System32\WindowsPowerShell\v1.0\;C:\Windows\System32\OpenSSH\;C:\Program Files (x86)\Intel\Intel(R) Management Engine Components\DAL;C:\Program Files\Intel\Intel(R) Management Engine Components\DAL;%JAVA_HOME%\bin;C:\ProgramData\chocolatey\bin;D:\Program Files\nodejs\;D:\Program Files\nodejs\node_global;C:\Program Files\Microsoft SQL Server\Client SDK\ODBC\110\Tools\Binn\;C:\Program Files (x86)\Microsoft SQL Server\120\Tools\Binn\;C:\Program Files\Microsoft SQL Server\120\Tools\Binn\;C:\Program Files\Microsoft SQL Server\120\DTS\Binn\;C:\Program Files (x86)\Windows Kits\8.1\Windows Performance Toolkit\;C:\Git\cmd;C:\Users\Allen\AppData\Local\Microsoft\WindowsApps;C:\Develop\jdk1.8.0_131\bin;C:\apache-tomcat-8.5.42\bin;C:\eclipse-jee-2018-12-R-win32-x86_64\eclipse;C:\mySql\navicat+for+mysql10.0.11简体中文破解版\Navicat for MySQL;C:\\WeChat;C:\JetBrains\IntelliJ IDEA 2019.2.3\bin;;D:\hadoop-2.7.4\bin;C:\Users\Allen\AppData\Roaming\npm;."/>
    <property name="java.vm.info" value="mixed mode"/>
    <property name="java.vendor" value="Oracle Corporation"/>
    <property name="java.vm.version" value="25.131-b11"/>
    <property name="java.ext.dirs" value="C:\Develop\jdk1.8.0_131\jre\lib\ext;C:\Windows\Sun\Java\lib\ext"/>
    <property name="sun.io.unicode.encoding" value="UnicodeLittle"/>
    <property name="maven.repo.local" value="C:\mavenRepos"/>
    <property name="java.class.version" value="52.0"/>
  </properties>
  <testcase name="selectIds" classname="com.thd.SelectTest" time="0.049"/>
  <testcase name="selectById" classname="com.thd.SelectTest" time="0.006"/>
  <testcase name="select" classname="com.thd.SelectTest" time="0.012">
    <failure message="expected:&lt;8&gt; but was:&lt;10&gt;" type="java.lang.AssertionError"><![CDATA[java.lang.AssertionError: expected:<8> but was:<10>
	at com.thd.SelectTest.select(SelectTest.java:32)
]]></failure>
    <system-out><![CDATA[DEBUG==>  Preparing: SELECT id,name,age,email,create_time FROM user 
DEBUG==> Parameters: 
TRACE<==    Columns: id, name, age, email, create_time
TRACE<==        Row: 1203951123950489601, Archer, 18, test6@baomidou.com, 2019-12-09 16:14:50
TRACE<==        Row: 1203952663415259138, Archie, 23, test1@baomidou.com, 2019-12-09 16:20:58
TRACE<==        Row: 1203953478754381826, Allen, 26, test2@baomidou.com, 2019-12-09 16:24:12
TRACE<==        Row: 1203953577425391617, Alice, 24, test2@baomidou.com, 2019-12-09 16:24:35
TRACE<==        Row: 1203954194470469634, Mike, 42, test3@baomidou.com, 2019-12-09 16:27:03
TRACE<==        Row: 1203954398418563073, Drapho, 44, test4@baomidou.com, 2019-12-09 16:27:51
TRACE<==        Row: 1203954790606950401, Alikser, 18, test5@baomidou.com, 2019-12-09 16:29:25
TRACE<==        Row: 1203957370250608641, Ferniser, 27, test7@baomidou.com, 2019-12-09 16:28:50
TRACE<==        Row: 1203957552497344513, Kakalote, 25, test8@baomidou.com, 2019-12-09 16:28:58
TRACE<==        Row: 1205088468527603714, Kakalote, 25, test5@baomidou.com, 2019-12-12 19:34:15
DEBUG<==      Total: 10
]]></system-out>
  </testcase>
  <testcase name="test" classname="com.thd.SelectTest" time="0.003">
    <error message="nested exception is org.apache.ibatis.exceptions.PersistenceException: &#10;### Error querying database.  Cause: java.lang.IndexOutOfBoundsException: Index: 2, Size: 2&#10;### The error may exist in file [E:\gitWebWay\first-mybatis-plus\target\classes\mapper\UserMapper.xml]&#10;### The error may involve com.thd.dao.UserMapper.selectTest&#10;### The error occurred while handling results&#10;### SQL: select id, name from user         where name like CONCAT(&apos;%&apos;,?,&apos;%&apos;)         and age &lt; 40&#10;### Cause: java.lang.IndexOutOfBoundsException: Index: 2, Size: 2" type="org.mybatis.spring.MyBatisSystemException"><![CDATA[org.mybatis.spring.MyBatisSystemException: 
nested exception is org.apache.ibatis.exceptions.PersistenceException: 
### Error querying database.  Cause: java.lang.IndexOutOfBoundsException: Index: 2, Size: 2
### The error may exist in file [E:\gitWebWay\first-mybatis-plus\target\classes\mapper\UserMapper.xml]
### The error may involve com.thd.dao.UserMapper.selectTest
### The error occurred while handling results
### SQL: select id, name from user         where name like CONCAT('%',?,'%')         and age < 40
### Cause: java.lang.IndexOutOfBoundsException: Index: 2, Size: 2
	at com.thd.SelectTest.test(SelectTest.java:187)
Caused by: org.apache.ibatis.exceptions.PersistenceException: 

### Error querying database.  Cause: java.lang.IndexOutOfBoundsException: Index: 2, Size: 2
### The error may exist in file [E:\gitWebWay\first-mybatis-plus\target\classes\mapper\UserMapper.xml]
### The error may involve com.thd.dao.UserMapper.selectTest
### The error occurred while handling results
### SQL: select id, name from user         where name like CONCAT('%',?,'%')         and age < 40
### Cause: java.lang.IndexOutOfBoundsException: Index: 2, Size: 2
	at com.thd.SelectTest.test(SelectTest.java:187)
Caused by: java.lang.IndexOutOfBoundsException: Index: 2, Size: 2
	at com.thd.SelectTest.test(SelectTest.java:187)
]]></error>
    <system-out><![CDATA[DEBUG==>  Preparing: select id, name from user where name like CONCAT('%',?,'%') and age < 40 
DEBUG==> Parameters: A(String)
TRACE<==    Columns: id, name
TRACE<==        Row: 1203951123950489601, Archer
]]></system-out>
  </testcase>
  <testcase name="selectByMap" classname="com.thd.SelectTest" time="0.007"/>
  <testcase name="selectByWrapper1" classname="com.thd.SelectTest" time="0.025"/>
  <testcase name="selectByWrapper2" classname="com.thd.SelectTest" time="0.005"/>
  <testcase name="selectByWrapper3" classname="com.thd.SelectTest" time="0.019"/>
  <testcase name="selectByWrapper4" classname="com.thd.SelectTest" time="0.009"/>
  <testcase name="selectByWrapper5" classname="com.thd.SelectTest" time="0.009"/>
  <testcase name="selectByWrapper6" classname="com.thd.SelectTest" time="0.008"/>
  <testcase name="selectByWrapper7" classname="com.thd.SelectTest" time="0.01"/>
  <testcase name="selectByWrapper8" classname="com.thd.SelectTest" time="0.005"/>
  <testcase name="selectByWrapperSuper1" classname="com.thd.SelectTest" time="0.005">
    <error message="nested exception is org.apache.ibatis.exceptions.PersistenceException: &#10;### Error querying database.  Cause: java.lang.IndexOutOfBoundsException: Index: 2, Size: 2&#10;### The error may exist in com/thd/dao/UserMapper.java (best guess)&#10;### The error may involve com.thd.dao.UserMapper.selectList&#10;### The error occurred while handling results&#10;### SQL: SELECT   id,name   FROM user     WHERE name LIKE ? AND age &lt; ?&#10;### Cause: java.lang.IndexOutOfBoundsException: Index: 2, Size: 2" type="org.mybatis.spring.MyBatisSystemException"><![CDATA[org.mybatis.spring.MyBatisSystemException: 
nested exception is org.apache.ibatis.exceptions.PersistenceException: 
### Error querying database.  Cause: java.lang.IndexOutOfBoundsException: Index: 2, Size: 2
### The error may exist in com/thd/dao/UserMapper.java (best guess)
### The error may involve com.thd.dao.UserMapper.selectList
### The error occurred while handling results
### SQL: SELECT   id,name   FROM user     WHERE name LIKE ? AND age < ?
### Cause: java.lang.IndexOutOfBoundsException: Index: 2, Size: 2
	at com.thd.SelectTest.selectByWrapperSuper1(SelectTest.java:179)
Caused by: org.apache.ibatis.exceptions.PersistenceException: 

### Error querying database.  Cause: java.lang.IndexOutOfBoundsException: Index: 2, Size: 2
### The error may exist in com/thd/dao/UserMapper.java (best guess)
### The error may involve com.thd.dao.UserMapper.selectList
### The error occurred while handling results
### SQL: SELECT   id,name   FROM user     WHERE name LIKE ? AND age < ?
### Cause: java.lang.IndexOutOfBoundsException: Index: 2, Size: 2
	at com.thd.SelectTest.selectByWrapperSuper1(SelectTest.java:179)
Caused by: java.lang.IndexOutOfBoundsException: Index: 2, Size: 2
	at com.thd.SelectTest.selectByWrapperSuper1(SelectTest.java:179)
]]></error>
    <system-out><![CDATA[DEBUG==>  Preparing: SELECT id,name FROM user WHERE name LIKE ? AND age < ? 
DEBUG==> Parameters: %A%(String), 40(Integer)
TRACE<==    Columns: id, name
TRACE<==        Row: 1203951123950489601, Archer
]]></system-out>
  </testcase>
</testsuite>